setting 'ivy.default.settings.dir' to 'jar:file:/D:/Code/PPL/sbt-launch.jar!/org/apache/ivy/core/settings'
setting 'ivy.basedir' to 'D:\Code\PPL\Delite\.'
setting 'ivy.default.conf.dir' to 'jar:file:/D:/Code/PPL/sbt-launch.jar!/org/apache/ivy/core/settings'
impossible to define new type: class not found: org.apache.ivy.plugins.version.PatternVersionMatcher in [] nor Ivy classloader
impossible to define new type: class not found: org.apache.ivy.plugins.trigger.LogTrigger in [] nor Ivy classloader
impossible to define new type: class not found: org.apache.ivy.plugins.resolver.VsftpResolver in [] nor Ivy classloader
impossible to define new type: class not found: org.apache.ivy.plugins.conflict.RegexpConflictManager in [] nor Ivy classloader
impossible to define new type: class not found: org.apache.ivy.plugins.resolver.SshResolver in [] nor Ivy classloader
impossible to define new type: class not found: org.apache.ivy.plugins.resolver.VfsResolver in [] nor Ivy classloader
impossible to define new type: class not found: org.apache.ivy.plugins.resolver.SFTPResolver in [] nor Ivy classloader
impossible to define new type: class not found: org.apache.ivy.plugins.resolver.packager.PackagerResolver in [] nor Ivy classloader
impossible to define new type: class not found: org.apache.ivy.ant.AntCallTrigger in [] nor Ivy classloader
impossible to define new type: class not found: org.apache.ivy.plugins.resolver.IvyRepResolver in [] nor Ivy classloader
impossible to define new type: class not found: org.apache.ivy.ant.AntBuildTrigger in [] nor Ivy classloader
impossible to define glob matcher: org.apache.ivy.plugins.matcher.GlobPatternMatcher was not found.
setting 'java.runtime.name' to 'Java(TM) SE Runtime Environment'
setting 'sun.boot.library.path' to 'C:\Program Files (x86)\Java\jre6\bin'
setting 'java.vm.version' to '16.3-b01'
setting 'java.vm.vendor' to 'Sun Microsystems Inc.'
setting 'java.vendor.url' to 'http://java.sun.com/'
setting 'path.separator' to ';'
setting 'java.vm.name' to 'Java HotSpot(TM) Client VM'
setting 'file.encoding.pkg' to 'sun.io'
setting 'sun.java.launcher' to 'SUN_STANDARD'
setting 'user.country' to 'US'
setting 'sun.os.patch.level' to ''
setting 'java.vm.specification.name' to 'Java Virtual Machine Specification'
setting 'user.dir' to 'D:\Code\PPL\Delite'
setting 'java.runtime.version' to '1.6.0_20-b02'
setting 'java.awt.graphicsenv' to 'sun.awt.Win32GraphicsEnvironment'
setting 'java.endorsed.dirs' to 'C:\Program Files (x86)\Java\jre6\lib\endorsed'
setting 'os.arch' to 'x86'
setting 'java.io.tmpdir' to 'C:\Users\mmwu\AppData\Local\Temp\'
setting 'line.separator' to '
'
setting 'java.vm.specification.vendor' to 'Sun Microsystems Inc.'
setting 'user.variant' to ''
setting 'os.name' to 'Windows 7'
setting 'sun.jnu.encoding' to 'Cp1252'
setting 'java.library.path' to 'C:\Program Files (x86)\Java\jre6\bin;.;C:\Windows\Sun\Java\bin;C:\Windows\system32;C:\Windows;.;D:\Code\PPL;C:\MinGW\bin;C:\cygwin\bin;C:\miktex\miktex\bin;C:\Program Files (x86)\Java\jre6\bin;C:\Windows\bin;C:\Windows\system32;C:\Windows;C:\Windows\System32\Wbem;C:\Windows\System32\WindowsPowerShell\v1.0\;C:\Program Files (x86)\ATI Technologies\ATI.ACE\Core-Static;C:\Program Files (x86)\MKVtoolnix;C:\Program Files\Matlab\R2009b\runtime\win64;C:\Program Files\Matlab\R2009b\bin;C:\Program Files (x86)\QuickTime\QTSystem\;C:\Program Files (x86)\Common Files\Acronis\SnapAPI\;C:\Program Files (x86)\Microsoft SQL Server\100\Tools\Binn\;C:\Program Files\Microsoft SQL Server\100\Tools\Binn\;C:\Program Files\Microsoft SQL Server\100\DTS\Binn\;C:\Program Files (x86)\Git\cmd;C:\Program Files (x86)\Git\bin;C:\Program Files\TortoiseGit\bin;C:\Program Files (x86)\MIT\Kerberos\bin;C:\Program Files (x86)\OpenAFS\Common;C:\Program Files (x86)\OpenAFS\Client\Program;C:\Program Files\OpenAFS\Common;C:\Program Files\OpenAFS\Client\Program'
setting 'java.specification.name' to 'Java Platform API Specification'
setting 'java.class.version' to '50.0'
setting 'sun.management.compiler' to 'HotSpot Client Compiler'
setting 'os.version' to '6.1'
setting 'user.home' to 'C:\Users\mmwu'
setting 'user.timezone' to 'America/Los_Angeles'
setting 'java.awt.printerjob' to 'sun.awt.windows.WPrinterJob'
setting 'file.encoding' to 'Cp1252'
setting 'java.specification.version' to '1.6'
setting 'java.class.path' to 'D:\Code\PPL\sbt-launch.jar'
setting 'user.name' to 'mmwu'
setting 'java.vm.specification.version' to '1.0'
setting 'java.home' to 'C:\Program Files (x86)\Java\jre6'
setting 'sun.arch.data.model' to '32'
setting 'user.language' to 'en'
setting 'java.specification.vendor' to 'Sun Microsystems Inc.'
setting 'awt.toolkit' to 'sun.awt.windows.WToolkit'
setting 'java.vm.info' to 'mixed mode'
setting 'java.version' to '1.6.0_20'
setting 'java.ext.dirs' to 'C:\Program Files (x86)\Java\jre6\lib\ext;C:\Windows\Sun\Java\lib\ext'
setting 'sun.boot.class.path' to 'C:\Program Files (x86)\Java\jre6\lib\resources.jar;C:\Program Files (x86)\Java\jre6\lib\rt.jar;C:\Program Files (x86)\Java\jre6\lib\sunrsasign.jar;C:\Program Files (x86)\Java\jre6\lib\jsse.jar;C:\Program Files (x86)\Java\jre6\lib\jce.jar;C:\Program Files (x86)\Java\jre6\lib\charsets.jar;C:\Program Files (x86)\Java\jre6\classes'
setting 'java.vendor' to 'Sun Microsystems Inc.'
setting 'file.separator' to '\'
setting 'java.vendor.url.bug' to 'http://java.sun.com/cgi-bin/bugreport.cgi'
setting 'sun.io.unicode.encoding' to 'UnicodeLittle'
setting 'sun.cpu.endian' to 'little'
setting 'sun.desktop' to 'windows'
setting 'sun.cpu.isalist' to ''
setting 'ivy.default.ivy.user.dir' to 'C:\Users\mmwu\.ivy2'
setting 'ivy.home' to 'C:\Users\mmwu\.ivy2'
no default ivy user dir defined: set to C:\Users\mmwu\.ivy2
setting 'ivy.cache.dir' to 'C:\Users\mmwu\.ivy2\cache'
no default cache defined: set to C:\Users\mmwu\.ivy2\cache
setting 'ivy.basedir' to 'D:\Code\PPL\Delite\project\boot'
setting 'basedir' to 'D:\Code\PPL\Delite\project\boot'
setting 'scala' to '2.7.7'
:: resolving dependencies :: org.scala-tools.sbt#boot-app;1.0
	confs: [default]
	validate = true
	refresh = false
resolving dependencies for configuration 'default'
== resolving dependencies for org.scala-tools.sbt#boot-app;1.0 [default]
loadData of org.scala-tools.sbt#boot-app;1.0 of rootConf=default
== resolving dependencies org.scala-tools.sbt#boot-app;1.0->org.scala-tools.sbt#sbt_2.7.7;0.7.4 [default->default(compile)]
loadData of org.scala-tools.sbt#sbt_2.7.7;0.7.4 of rootConf=default
	using redefined-public to resolve org.scala-tools.sbt#sbt_2.7.7;0.7.4
redefined-public: Checking cache for: dependency: org.scala-tools.sbt#sbt_2.7.7;0.7.4 {default=[default(compile)]}
redefined-public: no namespace defined: using system
No entry is found in the ModuleDescriptorCache : C:\Users\mmwu\.ivy2\cache\org.scala-tools.sbt\sbt_2.7.7\ivy-0.7.4.xml
pre 1.3 ivy file: using exactOrRegexp as default matcher
	found ivy file in cache for org.scala-tools.sbt#sbt_2.7.7;0.7.4 (resolved by sbt-db): C:\Users\mmwu\.ivy2\cache\org.scala-tools.sbt\sbt_2.7.7\ivy-0.7.4.xml
redefined-public: module revision found in cache: org.scala-tools.sbt#sbt_2.7.7;0.7.4
redefined-public: no latest strategy defined: using default
	found org.scala-tools.sbt#sbt_2.7.7;0.7.4 in sbt-db
excluding dependency: org.scala-lang#scala-library;2.7.7 {default=[default(compile)]} in default
excluding dependency: org.scala-lang#scala-compiler;2.7.7 {default=[default(compile)]} in default
== resolving dependencies org.scala-tools.sbt#sbt_2.7.7;0.7.4->com.jcraft#jsch;0.1.31 [default->default(compile)]
excluding dependency: org.scala-lang#scala-library;2.7.7 {default=[default(compile)]} in default
excluding dependency: org.scala-lang#scala-compiler;2.7.7 {default=[default(compile)]} in default
loadData of com.jcraft#jsch;0.1.31 of rootConf=default
	using redefined-public to resolve com.jcraft#jsch;0.1.31
redefined-public: Checking cache for: dependency: com.jcraft#jsch;0.1.31 {default=[default(compile)]}
No entry is found in the ModuleDescriptorCache : C:\Users\mmwu\.ivy2\cache\com.jcraft\jsch\ivy-0.1.31.xml
pre 1.3 ivy file: using exactOrRegexp as default matcher
	found ivy file in cache for com.jcraft#jsch;0.1.31 (resolved by Maven Central): C:\Users\mmwu\.ivy2\cache\com.jcraft\jsch\ivy-0.1.31.xml
redefined-public: module revision found in cache: com.jcraft#jsch;0.1.31
	found com.jcraft#jsch;0.1.31 in Maven Central
== resolving dependencies org.scala-tools.sbt#sbt_2.7.7;0.7.4->com.jcraft#jsch;0.1.31 [default->runtime]
loadData of com.jcraft#jsch;0.1.31 of rootConf=default
== resolving dependencies org.scala-tools.sbt#sbt_2.7.7;0.7.4->com.jcraft#jsch;0.1.31 [default->compile]
loadData of com.jcraft#jsch;0.1.31 of rootConf=default
== resolving dependencies org.scala-tools.sbt#sbt_2.7.7;0.7.4->com.jcraft#jsch;0.1.31 [default->master]
loadData of com.jcraft#jsch;0.1.31 of rootConf=default
== resolving dependencies org.scala-tools.sbt#sbt_2.7.7;0.7.4->org.scala-tools.testing#test-interface;0.5 [default->default(compile)]
excluding dependency: org.scala-lang#scala-library;2.7.7 {default=[default(compile)]} in default
excluding dependency: org.scala-lang#scala-compiler;2.7.7 {default=[default(compile)]} in default
loadData of org.scala-tools.testing#test-interface;0.5 of rootConf=default
	using redefined-public to resolve org.scala-tools.testing#test-interface;0.5
redefined-public: Checking cache for: dependency: org.scala-tools.testing#test-interface;0.5 {default=[default(compile)]}
No entry is found in the ModuleDescriptorCache : C:\Users\mmwu\.ivy2\cache\org.scala-tools.testing\test-interface\ivy-0.5.xml
pre 1.3 ivy file: using exactOrRegexp as default matcher
	found ivy file in cache for org.scala-tools.testing#test-interface;0.5 (resolved by Maven Central): C:\Users\mmwu\.ivy2\cache\org.scala-tools.testing\test-interface\ivy-0.5.xml
redefined-public: module revision found in cache: org.scala-tools.testing#test-interface;0.5
	found org.scala-tools.testing#test-interface;0.5 in Maven Central
== resolving dependencies org.scala-tools.sbt#sbt_2.7.7;0.7.4->org.scala-tools.testing#test-interface;0.5 [default->runtime]
loadData of org.scala-tools.testing#test-interface;0.5 of rootConf=default
== resolving dependencies org.scala-tools.sbt#sbt_2.7.7;0.7.4->org.scala-tools.testing#test-interface;0.5 [default->compile]
loadData of org.scala-tools.testing#test-interface;0.5 of rootConf=default
== resolving dependencies org.scala-tools.sbt#sbt_2.7.7;0.7.4->org.scala-tools.testing#test-interface;0.5 [default->master]
loadData of org.scala-tools.testing#test-interface;0.5 of rootConf=default
== resolving dependencies org.scala-tools.sbt#sbt_2.7.7;0.7.4->org.apache.ivy#ivy;2.1.0 [default->default(compile)]
excluding dependency: org.scala-lang#scala-library;2.7.7 {default=[default(compile)]} in default
excluding dependency: org.scala-lang#scala-compiler;2.7.7 {default=[default(compile)]} in default
loadData of org.apache.ivy#ivy;2.1.0 of rootConf=default
	using redefined-public to resolve org.apache.ivy#ivy;2.1.0
redefined-public: Checking cache for: dependency: org.apache.ivy#ivy;2.1.0 {default=[default(compile)]}
No entry is found in the ModuleDescriptorCache : C:\Users\mmwu\.ivy2\cache\org.apache.ivy\ivy\ivy-2.1.0.xml
pre 1.3 ivy file: using exactOrRegexp as default matcher
	found ivy file in cache for org.apache.ivy#ivy;2.1.0 (resolved by Maven Central): C:\Users\mmwu\.ivy2\cache\org.apache.ivy\ivy\ivy-2.1.0.xml
redefined-public: module revision found in cache: org.apache.ivy#ivy;2.1.0
	found org.apache.ivy#ivy;2.1.0 in Maven Central
== resolving dependencies org.scala-tools.sbt#sbt_2.7.7;0.7.4->org.apache.ivy#ivy;2.1.0 [default->runtime]
loadData of org.apache.ivy#ivy;2.1.0 of rootConf=default
== resolving dependencies org.scala-tools.sbt#sbt_2.7.7;0.7.4->org.apache.ivy#ivy;2.1.0 [default->compile]
loadData of org.apache.ivy#ivy;2.1.0 of rootConf=default
== resolving dependencies org.scala-tools.sbt#sbt_2.7.7;0.7.4->org.apache.ivy#ivy;2.1.0 [default->master]
loadData of org.apache.ivy#ivy;2.1.0 of rootConf=default
== resolving dependencies org.scala-tools.sbt#sbt_2.7.7;0.7.4->org.scala-tools.sbt#compile_2.7.7;0.7.4 [default->default(compile)]
excluding dependency: org.scala-lang#scala-library;2.7.7 {default=[default(compile)]} in default
excluding dependency: org.scala-lang#scala-compiler;2.7.7 {default=[default(compile)]} in default
loadData of org.scala-tools.sbt#compile_2.7.7;0.7.4 of rootConf=default
	using redefined-public to resolve org.scala-tools.sbt#compile_2.7.7;0.7.4
redefined-public: Checking cache for: dependency: org.scala-tools.sbt#compile_2.7.7;0.7.4 {default=[default(compile)]}
No entry is found in the ModuleDescriptorCache : C:\Users\mmwu\.ivy2\cache\org.scala-tools.sbt\compile_2.7.7\ivy-0.7.4.xml
pre 1.3 ivy file: using exactOrRegexp as default matcher
	found ivy file in cache for org.scala-tools.sbt#compile_2.7.7;0.7.4 (resolved by sbt-db): C:\Users\mmwu\.ivy2\cache\org.scala-tools.sbt\compile_2.7.7\ivy-0.7.4.xml
redefined-public: module revision found in cache: org.scala-tools.sbt#compile_2.7.7;0.7.4
	found org.scala-tools.sbt#compile_2.7.7;0.7.4 in sbt-db
== resolving dependencies org.scala-tools.sbt#compile_2.7.7;0.7.4->org.scala-tools.sbt#launcher-interface;0.7.4 [default->default(compile)]
excluding dependency: org.scala-lang#scala-library;2.7.7 {default=[default(compile)]} in default
excluding dependency: org.scala-lang#scala-compiler;2.7.7 {default=[default(compile)]} in default
loadData of org.scala-tools.sbt#launcher-interface;0.7.4 of rootConf=default
	using redefined-public to resolve org.scala-tools.sbt#launcher-interface;0.7.4
redefined-public: Checking cache for: dependency: org.scala-tools.sbt#launcher-interface;0.7.4 {default=[default(compile)]}
No entry is found in the ModuleDescriptorCache : C:\Users\mmwu\.ivy2\cache\org.scala-tools.sbt\launcher-interface\ivy-0.7.4.xml
pre 1.3 ivy file: using exactOrRegexp as default matcher
	found ivy file in cache for org.scala-tools.sbt#launcher-interface;0.7.4 (resolved by sbt-db): C:\Users\mmwu\.ivy2\cache\org.scala-tools.sbt\launcher-interface\ivy-0.7.4.xml
redefined-public: module revision found in cache: org.scala-tools.sbt#launcher-interface;0.7.4
	found org.scala-tools.sbt#launcher-interface;0.7.4 in sbt-db
== resolving dependencies org.scala-tools.sbt#compile_2.7.7;0.7.4->org.scala-tools.sbt#interface;0.7.4 [default->default(compile)]
excluding dependency: org.scala-lang#scala-library;2.7.7 {default=[default(compile)]} in default
excluding dependency: org.scala-lang#scala-compiler;2.7.7 {default=[default(compile)]} in default
loadData of org.scala-tools.sbt#interface;0.7.4 of rootConf=default
	using redefined-public to resolve org.scala-tools.sbt#interface;0.7.4
redefined-public: Checking cache for: dependency: org.scala-tools.sbt#interface;0.7.4 {default=[default(compile)]}
No entry is found in the ModuleDescriptorCache : C:\Users\mmwu\.ivy2\cache\org.scala-tools.sbt\interface\ivy-0.7.4.xml
pre 1.3 ivy file: using exactOrRegexp as default matcher
	found ivy file in cache for org.scala-tools.sbt#interface;0.7.4 (resolved by sbt-db): C:\Users\mmwu\.ivy2\cache\org.scala-tools.sbt\interface\ivy-0.7.4.xml
redefined-public: module revision found in cache: org.scala-tools.sbt#interface;0.7.4
	found org.scala-tools.sbt#interface;0.7.4 in sbt-db
== resolving dependencies org.scala-tools.sbt#compile_2.7.7;0.7.4->org.scala-tools.sbt#ivy_2.7.7;0.7.4 [default->default(compile)]
excluding dependency: org.scala-lang#scala-library;2.7.7 {default=[default(compile)]} in default
excluding dependency: org.scala-lang#scala-compiler;2.7.7 {default=[default(compile)]} in default
loadData of org.scala-tools.sbt#ivy_2.7.7;0.7.4 of rootConf=default
	using redefined-public to resolve org.scala-tools.sbt#ivy_2.7.7;0.7.4
redefined-public: Checking cache for: dependency: org.scala-tools.sbt#ivy_2.7.7;0.7.4 {default=[default(compile)]}
No entry is found in the ModuleDescriptorCache : C:\Users\mmwu\.ivy2\cache\org.scala-tools.sbt\ivy_2.7.7\ivy-0.7.4.xml
pre 1.3 ivy file: using exactOrRegexp as default matcher
	found ivy file in cache for org.scala-tools.sbt#ivy_2.7.7;0.7.4 (resolved by sbt-db): C:\Users\mmwu\.ivy2\cache\org.scala-tools.sbt\ivy_2.7.7\ivy-0.7.4.xml
redefined-public: module revision found in cache: org.scala-tools.sbt#ivy_2.7.7;0.7.4
	found org.scala-tools.sbt#ivy_2.7.7;0.7.4 in sbt-db
== resolving dependencies org.scala-tools.sbt#ivy_2.7.7;0.7.4->org.apache.ivy#ivy;2.1.0 [default->default(compile)]
loadData of org.apache.ivy#ivy;2.1.0 of rootConf=default
default is loaded and no conf to load.  Skip loading
== resolving dependencies org.scala-tools.sbt#ivy_2.7.7;0.7.4->org.apache.ivy#ivy;2.1.0 [default->runtime]
loadData of org.apache.ivy#ivy;2.1.0 of rootConf=default
default is loaded and no conf to load.  Skip loading
== resolving dependencies org.scala-tools.sbt#ivy_2.7.7;0.7.4->org.apache.ivy#ivy;2.1.0 [default->compile]
loadData of org.apache.ivy#ivy;2.1.0 of rootConf=default
default is loaded and no conf to load.  Skip loading
== resolving dependencies org.scala-tools.sbt#ivy_2.7.7;0.7.4->org.apache.ivy#ivy;2.1.0 [default->master]
loadData of org.apache.ivy#ivy;2.1.0 of rootConf=default
default is loaded and no conf to load.  Skip loading
== resolving dependencies org.scala-tools.sbt#ivy_2.7.7;0.7.4->org.scala-tools.sbt#interface;0.7.4 [default->default(compile)]
loadData of org.scala-tools.sbt#interface;0.7.4 of rootConf=default
default is loaded and no conf to load.  Skip loading
== resolving dependencies org.scala-tools.sbt#ivy_2.7.7;0.7.4->org.scala-tools.sbt#launcher-interface;0.7.4 [default->default(compile)]
loadData of org.scala-tools.sbt#launcher-interface;0.7.4 of rootConf=default
default is loaded and no conf to load.  Skip loading
== resolving dependencies org.scala-tools.sbt#compile_2.7.7;0.7.4->org.scala-tools.sbt#io_2.7.7;0.7.4 [default->default(compile)]
excluding dependency: org.scala-lang#scala-library;2.7.7 {default=[default(compile)]} in default
excluding dependency: org.scala-lang#scala-compiler;2.7.7 {default=[default(compile)]} in default
loadData of org.scala-tools.sbt#io_2.7.7;0.7.4 of rootConf=default
	using redefined-public to resolve org.scala-tools.sbt#io_2.7.7;0.7.4
redefined-public: Checking cache for: dependency: org.scala-tools.sbt#io_2.7.7;0.7.4 {default=[default(compile)]}
No entry is found in the ModuleDescriptorCache : C:\Users\mmwu\.ivy2\cache\org.scala-tools.sbt\io_2.7.7\ivy-0.7.4.xml
pre 1.3 ivy file: using exactOrRegexp as default matcher
	found ivy file in cache for org.scala-tools.sbt#io_2.7.7;0.7.4 (resolved by sbt-db): C:\Users\mmwu\.ivy2\cache\org.scala-tools.sbt\io_2.7.7\ivy-0.7.4.xml
redefined-public: module revision found in cache: org.scala-tools.sbt#io_2.7.7;0.7.4
	found org.scala-tools.sbt#io_2.7.7;0.7.4 in sbt-db
== resolving dependencies org.scala-tools.sbt#io_2.7.7;0.7.4->org.scala-tools.sbt#control_2.7.7;0.7.4 [default->default(compile)]
excluding dependency: org.scala-lang#scala-library;2.7.7 {default=[default(compile)]} in default
excluding dependency: org.scala-lang#scala-compiler;2.7.7 {default=[default(compile)]} in default
loadData of org.scala-tools.sbt#control_2.7.7;0.7.4 of rootConf=default
	using redefined-public to resolve org.scala-tools.sbt#control_2.7.7;0.7.4
redefined-public: Checking cache for: dependency: org.scala-tools.sbt#control_2.7.7;0.7.4 {default=[default(compile)]}
No entry is found in the ModuleDescriptorCache : C:\Users\mmwu\.ivy2\cache\org.scala-tools.sbt\control_2.7.7\ivy-0.7.4.xml
pre 1.3 ivy file: using exactOrRegexp as default matcher
	found ivy file in cache for org.scala-tools.sbt#control_2.7.7;0.7.4 (resolved by sbt-db): C:\Users\mmwu\.ivy2\cache\org.scala-tools.sbt\control_2.7.7\ivy-0.7.4.xml
redefined-public: module revision found in cache: org.scala-tools.sbt#control_2.7.7;0.7.4
	found org.scala-tools.sbt#control_2.7.7;0.7.4 in sbt-db
== resolving dependencies org.scala-tools.sbt#compile_2.7.7;0.7.4->org.scala-tools.sbt#classpath_2.7.7;0.7.4 [default->default(compile)]
excluding dependency: org.scala-lang#scala-library;2.7.7 {default=[default(compile)]} in default
excluding dependency: org.scala-lang#scala-compiler;2.7.7 {default=[default(compile)]} in default
loadData of org.scala-tools.sbt#classpath_2.7.7;0.7.4 of rootConf=default
	using redefined-public to resolve org.scala-tools.sbt#classpath_2.7.7;0.7.4
redefined-public: Checking cache for: dependency: org.scala-tools.sbt#classpath_2.7.7;0.7.4 {default=[default(compile)]}
No entry is found in the ModuleDescriptorCache : C:\Users\mmwu\.ivy2\cache\org.scala-tools.sbt\classpath_2.7.7\ivy-0.7.4.xml
pre 1.3 ivy file: using exactOrRegexp as default matcher
	found ivy file in cache for org.scala-tools.sbt#classpath_2.7.7;0.7.4 (resolved by sbt-db): C:\Users\mmwu\.ivy2\cache\org.scala-tools.sbt\classpath_2.7.7\ivy-0.7.4.xml
redefined-public: module revision found in cache: org.scala-tools.sbt#classpath_2.7.7;0.7.4
	found org.scala-tools.sbt#classpath_2.7.7;0.7.4 in sbt-db
== resolving dependencies org.scala-tools.sbt#compile_2.7.7;0.7.4->org.scala-tools.sbt#compiler-interface;0.7.4 [default->default(compile)]
excluding dependency: org.scala-lang#scala-library;2.7.7 {default=[default(compile)]} in default
excluding dependency: org.scala-lang#scala-compiler;2.7.7 {default=[default(compile)]} in default
loadData of org.scala-tools.sbt#compiler-interface;0.7.4 of rootConf=default
	using redefined-public to resolve org.scala-tools.sbt#compiler-interface;0.7.4
redefined-public: Checking cache for: dependency: org.scala-tools.sbt#compiler-interface;0.7.4 {default=[default(compile)]}
No entry is found in the ModuleDescriptorCache : C:\Users\mmwu\.ivy2\cache\org.scala-tools.sbt\compiler-interface\ivy-0.7.4.xml
pre 1.3 ivy file: using exactOrRegexp as default matcher
	found ivy file in cache for org.scala-tools.sbt#compiler-interface;0.7.4 (resolved by sbt-db): C:\Users\mmwu\.ivy2\cache\org.scala-tools.sbt\compiler-interface\ivy-0.7.4.xml
redefined-public: module revision found in cache: org.scala-tools.sbt#compiler-interface;0.7.4
	found org.scala-tools.sbt#compiler-interface;0.7.4 in sbt-db
== resolving dependencies org.scala-tools.sbt#compiler-interface;0.7.4->jline#jline;0.9.94 [default->default(compile)]
excluding dependency: org.scala-lang#scala-library;2.7.7 {default=[default(compile)]} in default
excluding dependency: org.scala-lang#scala-compiler;2.7.7 {default=[default(compile)]} in default
loadData of jline#jline;0.9.94 of rootConf=default
	using redefined-public to resolve jline#jline;0.9.94
redefined-public: Checking cache for: dependency: jline#jline;0.9.94 {default=[default(compile)]}
No entry is found in the ModuleDescriptorCache : C:\Users\mmwu\.ivy2\cache\jline\jline\ivy-0.9.94.xml
pre 1.3 ivy file: using exactOrRegexp as default matcher
	found ivy file in cache for jline#jline;0.9.94 (resolved by Maven Central): C:\Users\mmwu\.ivy2\cache\jline\jline\ivy-0.9.94.xml
redefined-public: module revision found in cache: jline#jline;0.9.94
	found jline#jline;0.9.94 in Maven Central
== resolving dependencies org.scala-tools.sbt#compiler-interface;0.7.4->jline#jline;0.9.94 [default->runtime]
loadData of jline#jline;0.9.94 of rootConf=default
== resolving dependencies org.scala-tools.sbt#compiler-interface;0.7.4->jline#jline;0.9.94 [default->compile]
loadData of jline#jline;0.9.94 of rootConf=default
== resolving dependencies org.scala-tools.sbt#compiler-interface;0.7.4->jline#jline;0.9.94 [default->master]
loadData of jline#jline;0.9.94 of rootConf=default
== resolving dependencies org.scala-tools.sbt#compiler-interface;0.7.4->org.scala-tools.sbt#interface;0.7.4 [default->default(compile)]
loadData of org.scala-tools.sbt#interface;0.7.4 of rootConf=default
default is loaded and no conf to load.  Skip loading
== resolving dependencies org.scala-tools.sbt#compiler-interface;0.7.4->org.scala-tools.sbt#precompiled-2.8.0.rc2_2.8.0.RC2;0.7.4 [default->default(compile)]
excluding dependency: org.scala-lang#scala-library;2.7.7 {default=[default(compile)]} in default
excluding dependency: org.scala-lang#scala-compiler;2.7.7 {default=[default(compile)]} in default
loadData of org.scala-tools.sbt#precompiled-2.8.0.rc2_2.8.0.RC2;0.7.4 of rootConf=default
	using redefined-public to resolve org.scala-tools.sbt#precompiled-2.8.0.rc2_2.8.0.RC2;0.7.4
redefined-public: Checking cache for: dependency: org.scala-tools.sbt#precompiled-2.8.0.rc2_2.8.0.RC2;0.7.4 {default=[default(compile)]}
No entry is found in the ModuleDescriptorCache : C:\Users\mmwu\.ivy2\cache\org.scala-tools.sbt\precompiled-2.8.0.rc2_2.8.0.RC2\ivy-0.7.4.xml
pre 1.3 ivy file: using exactOrRegexp as default matcher
	found ivy file in cache for org.scala-tools.sbt#precompiled-2.8.0.rc2_2.8.0.RC2;0.7.4 (resolved by sbt-db): C:\Users\mmwu\.ivy2\cache\org.scala-tools.sbt\precompiled-2.8.0.rc2_2.8.0.RC2\ivy-0.7.4.xml
redefined-public: module revision found in cache: org.scala-tools.sbt#precompiled-2.8.0.rc2_2.8.0.RC2;0.7.4
	found org.scala-tools.sbt#precompiled-2.8.0.rc2_2.8.0.RC2;0.7.4 in sbt-db
== resolving dependencies org.scala-tools.sbt#precompiled-2.8.0.rc2_2.8.0.RC2;0.7.4->org.scala-tools.sbt#interface;0.7.4 [default->default(compile)]
loadData of org.scala-tools.sbt#interface;0.7.4 of rootConf=default
default is loaded and no conf to load.  Skip loading
== resolving dependencies org.scala-tools.sbt#sbt_2.7.7;0.7.4->org.scala-tools.sbt#launcher-interface;0.7.4 [default->default(compile)]
loadData of org.scala-tools.sbt#launcher-interface;0.7.4 of rootConf=default
default is loaded and no conf to load.  Skip loading
Nbr of module to sort : 14
Sort dependencies of : org.scala-tools.sbt#sbt_2.7.7;0.7.4 / Number of dependencies = 10
Sort dependencies of : com.jcraft#jsch;0.1.31 / Number of dependencies = 1
Sort done for : com.jcraft#jsch;0.1.31
Sort dependencies of : org.scala-tools.testing#test-interface;0.5 / Number of dependencies = 0
Sort done for : org.scala-tools.testing#test-interface;0.5
Sort dependencies of : org.apache.ivy#ivy;2.1.0 / Number of dependencies = 13
Module descriptor is processed : com.jcraft#jsch;0.1.31
Sort done for : org.apache.ivy#ivy;2.1.0
Sort dependencies of : org.scala-tools.sbt#compile_2.7.7;0.7.4 / Number of dependencies = 6
Sort dependencies of : org.scala-tools.sbt#launcher-interface;0.7.4 / Number of dependencies = 0
Sort done for : org.scala-tools.sbt#launcher-interface;0.7.4
Sort dependencies of : org.scala-tools.sbt#interface;0.7.4 / Number of dependencies = 0
Sort done for : org.scala-tools.sbt#interface;0.7.4
Sort dependencies of : org.scala-tools.sbt#ivy_2.7.7;0.7.4 / Number of dependencies = 3
Module descriptor is processed : org.apache.ivy#ivy;2.1.0
Module descriptor is processed : org.scala-tools.sbt#interface;0.7.4
Module descriptor is processed : org.scala-tools.sbt#launcher-interface;0.7.4
Sort done for : org.scala-tools.sbt#ivy_2.7.7;0.7.4
Sort dependencies of : org.scala-tools.sbt#io_2.7.7;0.7.4 / Number of dependencies = 1
Sort dependencies of : org.scala-tools.sbt#control_2.7.7;0.7.4 / Number of dependencies = 0
Sort done for : org.scala-tools.sbt#control_2.7.7;0.7.4
Sort done for : org.scala-tools.sbt#io_2.7.7;0.7.4
Sort dependencies of : org.scala-tools.sbt#classpath_2.7.7;0.7.4 / Number of dependencies = 0
Sort done for : org.scala-tools.sbt#classpath_2.7.7;0.7.4
Sort dependencies of : org.scala-tools.sbt#compiler-interface;0.7.4 / Number of dependencies = 3
Sort dependencies of : jline#jline;0.9.94 / Number of dependencies = 1
Sort done for : jline#jline;0.9.94
Module descriptor is processed : org.scala-tools.sbt#interface;0.7.4
Sort dependencies of : org.scala-tools.sbt#precompiled-2.8.0.rc2_2.8.0.RC2;0.7.4 / Number of dependencies = 1
Module descriptor is processed : org.scala-tools.sbt#interface;0.7.4
Sort done for : org.scala-tools.sbt#precompiled-2.8.0.rc2_2.8.0.RC2;0.7.4
Sort done for : org.scala-tools.sbt#compiler-interface;0.7.4
Sort done for : org.scala-tools.sbt#compile_2.7.7;0.7.4
Module descriptor is processed : org.scala-tools.sbt#launcher-interface;0.7.4
Sort done for : org.scala-tools.sbt#sbt_2.7.7;0.7.4
Module descriptor is processed : com.jcraft#jsch;0.1.31
Module descriptor is processed : org.scala-tools.testing#test-interface;0.5
Module descriptor is processed : org.apache.ivy#ivy;2.1.0
Module descriptor is processed : org.scala-tools.sbt#compile_2.7.7;0.7.4
Module descriptor is processed : org.scala-tools.sbt#launcher-interface;0.7.4
Module descriptor is processed : org.scala-tools.sbt#interface;0.7.4
Module descriptor is processed : org.scala-tools.sbt#ivy_2.7.7;0.7.4
Module descriptor is processed : org.scala-tools.sbt#io_2.7.7;0.7.4
Module descriptor is processed : org.scala-tools.sbt#classpath_2.7.7;0.7.4
Module descriptor is processed : org.scala-tools.sbt#compiler-interface;0.7.4
Module descriptor is processed : org.scala-tools.sbt#control_2.7.7;0.7.4
Module descriptor is processed : jline#jline;0.9.94
Module descriptor is processed : org.scala-tools.sbt#precompiled-2.8.0.rc2_2.8.0.RC2;0.7.4
	resolved ivy file produced in C:\Users\mmwu\.ivy2\cache\resolved-org.scala-tools.sbt-boot-app-1.0.xml
:: downloading artifacts ::
	[NOT REQUIRED] org.scala-tools.sbt#sbt_2.7.7;0.7.4!sbt_2.7.7.jar
	[NOT REQUIRED] com.jcraft#jsch;0.1.31!jsch.jar
	[NOT REQUIRED] org.scala-tools.testing#test-interface;0.5!test-interface.jar
	[NOT REQUIRED] org.apache.ivy#ivy;2.1.0!ivy.jar
	[NOT REQUIRED] org.scala-tools.sbt#compile_2.7.7;0.7.4!compile_2.7.7.jar
	[NOT REQUIRED] org.scala-tools.sbt#launcher-interface;0.7.4!launcher-interface.jar
	[NOT REQUIRED] org.scala-tools.sbt#interface;0.7.4!interface.jar
	[NOT REQUIRED] org.scala-tools.sbt#ivy_2.7.7;0.7.4!ivy_2.7.7.jar
	[NOT REQUIRED] org.scala-tools.sbt#io_2.7.7;0.7.4!io_2.7.7.jar
	[NOT REQUIRED] org.scala-tools.sbt#classpath_2.7.7;0.7.4!classpath_2.7.7.jar
	[NOT REQUIRED] org.scala-tools.sbt#compiler-interface;0.7.4!compiler-interface-bin.jar
	[NOT REQUIRED] org.scala-tools.sbt#compiler-interface;0.7.4!compiler-interface-src.jar
	[NOT REQUIRED] org.scala-tools.sbt#control_2.7.7;0.7.4!control_2.7.7.jar
	[NOT REQUIRED] jline#jline;0.9.94!jline.jar
	[NOT REQUIRED] org.scala-tools.sbt#precompiled-2.8.0.rc2_2.8.0.RC2;0.7.4!compiler-interface-bin.jar
:: resolution report :: resolve 148ms :: artifacts dl 10ms
Nbr of module to sort : 14
Sort dependencies of : org.scala-tools.sbt#sbt_2.7.7;0.7.4 / Number of dependencies = 10
Sort dependencies of : com.jcraft#jsch;0.1.31 / Number of dependencies = 1
Sort done for : com.jcraft#jsch;0.1.31
Sort dependencies of : org.scala-tools.testing#test-interface;0.5 / Number of dependencies = 0
Sort done for : org.scala-tools.testing#test-interface;0.5
Sort dependencies of : org.apache.ivy#ivy;2.1.0 / Number of dependencies = 13
Module descriptor is processed : com.jcraft#jsch;0.1.31
Sort done for : org.apache.ivy#ivy;2.1.0
Sort dependencies of : org.scala-tools.sbt#compile_2.7.7;0.7.4 / Number of dependencies = 6
Sort dependencies of : org.scala-tools.sbt#launcher-interface;0.7.4 / Number of dependencies = 0
Sort done for : org.scala-tools.sbt#launcher-interface;0.7.4
Sort dependencies of : org.scala-tools.sbt#interface;0.7.4 / Number of dependencies = 0
Sort done for : org.scala-tools.sbt#interface;0.7.4
Sort dependencies of : org.scala-tools.sbt#ivy_2.7.7;0.7.4 / Number of dependencies = 3
Module descriptor is processed : org.apache.ivy#ivy;2.1.0
Module descriptor is processed : org.scala-tools.sbt#interface;0.7.4
Module descriptor is processed : org.scala-tools.sbt#launcher-interface;0.7.4
Sort done for : org.scala-tools.sbt#ivy_2.7.7;0.7.4
Sort dependencies of : org.scala-tools.sbt#io_2.7.7;0.7.4 / Number of dependencies = 1
Sort dependencies of : org.scala-tools.sbt#control_2.7.7;0.7.4 / Number of dependencies = 0
Sort done for : org.scala-tools.sbt#control_2.7.7;0.7.4
Sort done for : org.scala-tools.sbt#io_2.7.7;0.7.4
Sort dependencies of : org.scala-tools.sbt#classpath_2.7.7;0.7.4 / Number of dependencies = 0
Sort done for : org.scala-tools.sbt#classpath_2.7.7;0.7.4
Sort dependencies of : org.scala-tools.sbt#compiler-interface;0.7.4 / Number of dependencies = 3
Sort dependencies of : jline#jline;0.9.94 / Number of dependencies = 1
Sort done for : jline#jline;0.9.94
Module descriptor is processed : org.scala-tools.sbt#interface;0.7.4
Sort dependencies of : org.scala-tools.sbt#precompiled-2.8.0.rc2_2.8.0.RC2;0.7.4 / Number of dependencies = 1
Module descriptor is processed : org.scala-tools.sbt#interface;0.7.4
Sort done for : org.scala-tools.sbt#precompiled-2.8.0.rc2_2.8.0.RC2;0.7.4
Sort done for : org.scala-tools.sbt#compiler-interface;0.7.4
Sort done for : org.scala-tools.sbt#compile_2.7.7;0.7.4
Module descriptor is processed : org.scala-tools.sbt#launcher-interface;0.7.4
Sort done for : org.scala-tools.sbt#sbt_2.7.7;0.7.4
Module descriptor is processed : com.jcraft#jsch;0.1.31
Module descriptor is processed : org.scala-tools.testing#test-interface;0.5
Module descriptor is processed : org.apache.ivy#ivy;2.1.0
Module descriptor is processed : org.scala-tools.sbt#compile_2.7.7;0.7.4
Module descriptor is processed : org.scala-tools.sbt#launcher-interface;0.7.4
Module descriptor is processed : org.scala-tools.sbt#interface;0.7.4
Module descriptor is processed : org.scala-tools.sbt#ivy_2.7.7;0.7.4
Module descriptor is processed : org.scala-tools.sbt#io_2.7.7;0.7.4
Module descriptor is processed : org.scala-tools.sbt#control_2.7.7;0.7.4
Module descriptor is processed : org.scala-tools.sbt#classpath_2.7.7;0.7.4
Module descriptor is processed : org.scala-tools.sbt#compiler-interface;0.7.4
Module descriptor is processed : jline#jline;0.9.94
Module descriptor is processed : org.scala-tools.sbt#precompiled-2.8.0.rc2_2.8.0.RC2;0.7.4
	report for org.scala-tools.sbt#boot-app;1.0 default produced in C:\Users\mmwu\.ivy2\cache\org.scala-tools.sbt-boot-app-default.xml
	resolve done (148ms resolve - 10ms download)
:: retrieving :: org.scala-tools.sbt#boot-app
	checkUpToDate=true
no explicit confs given for retrieve, using ivy file: C:\Users\mmwu\.ivy2\cache\resolved-org.scala-tools.sbt-boot-app-1.0.xml
using ivy parser to parse C:\Users\mmwu\.ivy2\cache\resolved-org.scala-tools.sbt-boot-app-1.0.xml
pre 1.3 ivy file: using exactOrRegexp as default matcher
	confs: [default]
	retrieving C:\Users\mmwu\.ivy2\cache\org.scala-tools.sbt\compile_2.7.7\jars\compile_2.7.7-0.7.4.jar
		to D:\Code\PPL\Delite\project\boot\scala-2.7.7\org.scala-tools.sbt\sbt\0.7.4\compile_2.7.7-0.7.4.jar
	retrieving C:\Users\mmwu\.ivy2\cache\org.scala-tools.sbt\control_2.7.7\jars\control_2.7.7-0.7.4.jar
		to D:\Code\PPL\Delite\project\boot\scala-2.7.7\org.scala-tools.sbt\sbt\0.7.4\control_2.7.7-0.7.4.jar
	retrieving C:\Users\mmwu\.ivy2\cache\org.scala-tools.sbt\classpath_2.7.7\jars\classpath_2.7.7-0.7.4.jar
		to D:\Code\PPL\Delite\project\boot\scala-2.7.7\org.scala-tools.sbt\sbt\0.7.4\classpath_2.7.7-0.7.4.jar
	retrieving C:\Users\mmwu\.ivy2\cache\org.scala-tools.sbt\compiler-interface\jars\compiler-interface-src-0.7.4.jar
		to D:\Code\PPL\Delite\project\boot\scala-2.7.7\org.scala-tools.sbt\sbt\0.7.4\compiler-interface-src\compiler-interface-src-0.7.4.jar
	retrieving C:\Users\mmwu\.ivy2\cache\org.scala-tools.testing\test-interface\jars\test-interface-0.5.jar
		to D:\Code\PPL\Delite\project\boot\scala-2.7.7\org.scala-tools.sbt\sbt\0.7.4\test-interface-0.5.jar
	retrieving C:\Users\mmwu\.ivy2\cache\org.scala-tools.sbt\io_2.7.7\jars\io_2.7.7-0.7.4.jar
		to D:\Code\PPL\Delite\project\boot\scala-2.7.7\org.scala-tools.sbt\sbt\0.7.4\io_2.7.7-0.7.4.jar
	retrieving C:\Users\mmwu\.ivy2\cache\org.scala-tools.sbt\interface\jars\interface-0.7.4.jar
		to D:\Code\PPL\Delite\project\boot\scala-2.7.7\org.scala-tools.sbt\sbt\0.7.4\xsbti\interface-0.7.4.jar
	retrieving C:\Users\mmwu\.ivy2\cache\org.scala-tools.sbt\launcher-interface\jars\launcher-interface-0.7.4.jar
		to D:\Code\PPL\Delite\project\boot\scala-2.7.7\org.scala-tools.sbt\sbt\0.7.4\launcher-interface-0.7.4.jar
	retrieving C:\Users\mmwu\.ivy2\cache\org.scala-tools.sbt\compiler-interface\jars\compiler-interface-bin-0.7.4.jar
		to D:\Code\PPL\Delite\project\boot\scala-2.7.7\org.scala-tools.sbt\sbt\0.7.4\compiler-interface-bin_2.7.7.final\compiler-interface-bin-0.7.4.jar
	retrieving C:\Users\mmwu\.ivy2\cache\org.scala-tools.sbt\sbt_2.7.7\jars\sbt_2.7.7-0.7.4.jar
		to D:\Code\PPL\Delite\project\boot\scala-2.7.7\org.scala-tools.sbt\sbt\0.7.4\sbt_2.7.7-0.7.4.jar
	retrieving C:\Users\mmwu\.ivy2\cache\jline\jline\jars\jline-0.9.94.jar
		to D:\Code\PPL\Delite\project\boot\scala-2.7.7\org.scala-tools.sbt\sbt\0.7.4\compiler-interface-src\jline-0.9.94.jar
	retrieving C:\Users\mmwu\.ivy2\cache\org.scala-tools.sbt\precompiled-2.8.0.rc2_2.8.0.RC2\jars\compiler-interface-bin-0.7.4.jar
		to D:\Code\PPL\Delite\project\boot\scala-2.7.7\org.scala-tools.sbt\sbt\0.7.4\compiler-interface-bin_2.8.0.RC2\compiler-interface-bin-0.7.4.jar
	retrieving C:\Users\mmwu\.ivy2\cache\org.apache.ivy\ivy\jars\ivy-2.1.0.jar
		to D:\Code\PPL\Delite\project\boot\scala-2.7.7\org.scala-tools.sbt\sbt\0.7.4\ivy-2.1.0.jar
	retrieving C:\Users\mmwu\.ivy2\cache\org.scala-tools.sbt\ivy_2.7.7\jars\ivy_2.7.7-0.7.4.jar
		to D:\Code\PPL\Delite\project\boot\scala-2.7.7\org.scala-tools.sbt\sbt\0.7.4\ivy_2.7.7-0.7.4.jar
	retrieving C:\Users\mmwu\.ivy2\cache\com.jcraft\jsch\jars\jsch-0.1.31.jar
		to D:\Code\PPL\Delite\project\boot\scala-2.7.7\org.scala-tools.sbt\sbt\0.7.4\jsch-0.1.31.jar
	15 artifacts copied, 0 already retrieved (4096kB/62ms)
	retrieve done (62ms)
